--------------------------------------------------------------------------------
      name:  <unnamed>
       log:  C:\Users\30706\Desktop\GPA\ECO3121\Assignments\1\122090407.log
  log type:  text
 opened on:  14 Nov 2023, 18:43:59

. cd "/Users/30706/Desktop/GPA/ECO3121/Assignments/1"
C:\Users\30706\Desktop\GPA\ECO3121\Assignments\1

. 
. use aghousehold, clear

. 
. //Assignment 1
. keep if year == 2010
(0 observations deleted)

. 
. gen yield = d32/d31

. gen rental_in = c10

. gen rental_out = c13

. 
. //sum yield
. //sum rental_in
. //sum rental_out
. 
. reg yield rental_in

      Source |       SS           df       MS      Number of obs   =    14,171
-------------+----------------------------------   F(1, 14169)     =      1.10
       Model |  172005.965         1  172005.965   Prob > F        =    0.2940
    Residual |  2.2129e+09    14,169  156180.516   R-squared       =    0.0001
-------------+----------------------------------   Adj R-squared   =    0.0000
       Total |  2.2131e+09    14,170  156181.633   Root MSE        =     395.2

------------------------------------------------------------------------------
       yield | Coefficient  Std. err.      t    P>|t|     [95% conf. interval]
-------------+----------------------------------------------------------------
   rental_in |  -.7799978   .7432502    -1.05   0.294    -2.236866    .6768703
       _cons |   434.0094   3.340807   129.91   0.000      427.461    440.5578
------------------------------------------------------------------------------

. predict hat_yield_1
(option xb assumed; fitted values)

. predict res_yield_1, residuals

. //sum res_yield_1
. 
. reg yield rental_out

      Source |       SS           df       MS      Number of obs   =    14,171
-------------+----------------------------------   F(1, 14169)     =      0.09
       Model |  13342.3767         1  13342.3767   Prob > F        =    0.7701
    Residual |  2.2131e+09    14,169  156191.714   R-squared       =    0.0000
-------------+----------------------------------   Adj R-squared   =   -0.0001
       Total |  2.2131e+09    14,170  156181.633   Root MSE        =    395.21

------------------------------------------------------------------------------
       yield | Coefficient  Std. err.      t    P>|t|     [95% conf. interval]
-------------+----------------------------------------------------------------
  rental_out |   .6515137   2.229133     0.29   0.770    -3.717879    5.020907
       _cons |   433.4759   3.354809   129.21   0.000     426.9001    440.0518
------------------------------------------------------------------------------

. predict hat_yield_2
(option xb assumed; fitted values)

. predict res_yield_2, residuals

. //sum res_yield_2
. 
. gen rental_in_share = 100*rental_in/d31

. gen rental_out_share = 100*rental_out/d31

. reg yield rental_in_share

      Source |       SS           df       MS      Number of obs   =    14,171
-------------+----------------------------------   F(1, 14169)     =      0.71
       Model |  111081.624         1  111081.624   Prob > F        =    0.3991
    Residual |  2.2130e+09    14,169  156184.816   R-squared       =    0.0001
-------------+----------------------------------   Adj R-squared   =   -0.0000
       Total |  2.2131e+09    14,170  156181.633   Root MSE        =     395.2

-------------------------------------------------------------------------------
        yield | Coefficient  Std. err.      t    P>|t|     [95% conf. interval]
--------------+----------------------------------------------------------------
rental_in_s~e |   .0540097   .0640427     0.84   0.399    -.0715225    .1795418
        _cons |     433.37   3.332743   130.03   0.000     426.8374    439.9026
-------------------------------------------------------------------------------

. reg yield rental_out_share

      Source |       SS           df       MS      Number of obs   =    14,171
-------------+----------------------------------   F(1, 14169)     =     24.04
       Model |  3747795.36         1  3747795.36   Prob > F        =    0.0000
    Residual |  2.2093e+09    14,169  155928.149   R-squared       =    0.0017
-------------+----------------------------------   Adj R-squared   =    0.0016
       Total |  2.2131e+09    14,170  156181.633   Root MSE        =    394.88

-------------------------------------------------------------------------------
        yield | Coefficient  Std. err.      t    P>|t|     [95% conf. interval]
--------------+----------------------------------------------------------------
rental_out_~e |   .2350118   .0479362     4.90   0.000     .1410505    .3289732
        _cons |   431.6123   3.342233   129.14   0.000     425.0611    438.1635
-------------------------------------------------------------------------------

. 
. gen ln_yield = log(yield+1)

. reg ln_yield rental_in_share

      Source |       SS           df       MS      Number of obs   =    14,171
-------------+----------------------------------   F(1, 14169)     =      1.94
       Model |  .689144057         1  .689144057   Prob > F        =    0.1642
    Residual |  5045.22149    14,169  .356074634   R-squared       =    0.0001
-------------+----------------------------------   Adj R-squared   =    0.0001
       Total |  5045.91063    14,170  .356098139   Root MSE        =    .59672

-------------------------------------------------------------------------------
     ln_yield | Coefficient  Std. err.      t    P>|t|     [95% conf. interval]
--------------+----------------------------------------------------------------
rental_in_s~e |   .0001345   .0000967     1.39   0.164     -.000055    .0003241
        _cons |   5.940788   .0050321  1180.57   0.000     5.930924    5.950651
-------------------------------------------------------------------------------

. reg ln_yield rental_out_share

      Source |       SS           df       MS      Number of obs   =    14,171
-------------+----------------------------------   F(1, 14169)     =     19.59
       Model |  6.96783523         1  6.96783523   Prob > F        =    0.0000
    Residual |  5038.94279    14,169  .355631505   R-squared       =    0.0014
-------------+----------------------------------   Adj R-squared   =    0.0013
       Total |  5045.91063    14,170  .356098139   Root MSE        =    .59635

-------------------------------------------------------------------------------
     ln_yield | Coefficient  Std. err.      t    P>|t|     [95% conf. interval]
--------------+----------------------------------------------------------------
rental_out_~e |   .0003204   .0000724     4.43   0.000     .0001785    .0004623
        _cons |   5.938669   .0050475  1176.56   0.000     5.928776    5.948563
-------------------------------------------------------------------------------

. 
. 
. log close
      name:  <unnamed>
       log:  C:\Users\30706\Desktop\GPA\ECO3121\Assignments\1\122090407.log
  log type:  text
 closed on:  14 Nov 2023, 18:44:00
--------------------------------------------------------------------------------
